#
# A fatal error has been detected by the Java Runtime Environment:
#
#  EXCEPTION_ACCESS_VIOLATION (0xc0000005) at pc=0x00007fff6e15e1a8, pid=26400, tid=0x000000000000254c
#
# JRE version: OpenJDK Runtime Environment (8.0) (build 1.8.0-adoptopenjdk-_2018_05_19_00_59-b00)
# Java VM: OpenJDK 64-Bit Server VM (25.71-b00 mixed mode windows-amd64 compressed oops)
# Problematic frame:
# C  [_jpype.cp38-win_amd64.pyd+0x2e1a8]
#
# Failed to write core dump. Minidumps are not enabled by default on client versions of Windows
#
# If you would like to submit a bug report, please visit:
#   http://bugreport.java.com/bugreport/crash.jsp
# The crash happened outside the Java Virtual Machine in native code.
# See problematic frame for where to report the bug.
#

---------------  T H R E A D  ---------------

Current thread (0x0000020d81892800):  JavaThread "main" [_thread_in_native, id=9548, stack(0x0000001b0e000000,0x0000001b0e1f0000)]

siginfo: ExceptionCode=0xc0000005, writing address 0x0000000000000000

Registers:
RAX=0x0000000000000000, RBX=0x0000000000000000, RCX=0x0000020df8257890, RDX=0x0000000000000000
RSP=0x0000001b0e1dc8a0, RBP=0x0000001b0e1dec20, RSI=0x0000020de1de3d80, RDI=0x00007fff55472b50
R8 =0x0000000000000004, R9 =0x0000020d81888030, R10=0x0000020d94649a28, R11=0x0000001b0e1dc890
R12=0x0000001b0e1dcaa0, R13=0x0000001b0e1e0530, R14=0x0000020d98c0bca0, R15=0x0000000000000000
RIP=0x00007fff6e15e1a8, EFLAGS=0x0000000000010246

Top of Stack: (sp=0x0000001b0e1dc8a0)
0x0000001b0e1dc8a0:   0000000000000000 0000000000000000
0x0000001b0e1dc8b0:   0000020de1de3d80 00007fff55472b50
0x0000001b0e1dc8c0:   fffffffffffffffe 00007fff550db701
0x0000001b0e1dc8d0:   00007fff55472b50 0000000000000000
0x0000001b0e1dc8e0:   0000020de1de3d80 0000020d818929e0
0x0000001b0e1dc8f0:   0000020de1de0100 00007fff55472b50
0x0000001b0e1dc900:   0000000000000000 0000020d8180e7c0
0x0000001b0e1dc910:   00004dc75159e901 874e03aa000460d0
0x0000001b0e1dc920:   0000001b0e1dd918 00007fff6e15d59a
0x0000001b0e1dc930:   0000020d818929e0 0000020d818929e0
0x0000001b0e1dc940:   0000020dfb1cf4b0 0000020de1de3d80
0x0000001b0e1dc950:   0000000000000000 0000020dfb1cf4b0
0x0000001b0e1dc960:   0000020de1de3d80 0000020d818929e0
0x0000001b0e1dc970:   0000000000000000 00007fffa9a398bb
0x0000001b0e1dc980:   fffffffffffffffe 0000001b0e1dd010
0x0000001b0e1dc990:   00009722c80de856 0000000a656e6f4e 

Instructions: (pc=0x00007fff6e15e1a8)
0x00007fff6e15e188:   08 01 00 00 48 ff 07 4c 8d 0d 1a de 00 00 4c 8b
0x00007fff6e15e198:   c7 49 8b d6 e8 ef db 00 00 48 8b 8e 08 01 00 00
0x00007fff6e15e1a8:   48 ff 03 4c 8d 0d fe dd 00 00 4c 8b c3 49 8b d6
0x00007fff6e15e1b8:   e8 d3 db 00 00 c6 44 24 70 00 48 8b 4c 24 48 48 


Register to memory mapping:

RAX=0x0000000000000000 is an unknown value
RBX=0x0000000000000000 is an unknown value
RCX=0x0000020df8257890 is an unknown value
RDX=0x0000000000000000 is an unknown value
RSP=0x0000001b0e1dc8a0 is pointing into the stack for thread: 0x0000020d81892800
RBP=0x0000001b0e1dec20 is pointing into the stack for thread: 0x0000020d81892800
RSI=0x0000020de1de3d80 is an unknown value
RDI=0x00007fff55472b50 is an unknown value
R8 =0x0000000000000004 is an unknown value
R9 =0x0000020d81888030 is an unknown value
R10={method} {0x0000020d94649a30} 'registerRef' '(Ljava/lang/Object;JJ)V' in 'org/jpype/ref/JPypeReferenceQueue'
R11=0x0000001b0e1dc890 is pointing into the stack for thread: 0x0000020d81892800
R12=0x0000001b0e1dcaa0 is pointing into the stack for thread: 0x0000020d81892800
R13=0x0000001b0e1e0530 is pointing into the stack for thread: 0x0000020d81892800
R14=0x0000020d98c0bca0 is an unknown value
R15=0x0000000000000000 is an unknown value


Stack: [0x0000001b0e000000,0x0000001b0e1f0000],  sp=0x0000001b0e1dc8a0,  free space=1906k
Native frames: (J=compiled Java code, j=interpreted, Vv=VM code, C=native code)
C  [_jpype.cp38-win_amd64.pyd+0x2e1a8]
C  [_jpype.cp38-win_amd64.pyd+0x2d59a]
C  [_jpype.cp38-win_amd64.pyd+0x5fae9]
C  [VCRUNTIME140.dll+0x1030]
C  [VCRUNTIME140.dll+0x43a8]
C  [ntdll.dll+0xa1456]
C  [_jpype.cp38-win_amd64.pyd+0x42b7b]
C  [_jpype.cp38-win_amd64.pyd+0x5fabd]
C  [VCRUNTIME140.dll+0x1030]
C  [VCRUNTIME140.dll+0x43a8]
C  [ntdll.dll+0xa1456]
C  [_jpype.cp38-win_amd64.pyd+0x42b12]
C  0x0000020d82929c6e

Java frames: (J=compiled Java code, j=interpreted, Vv=VM code)
j  org.jpype.manager.TypeFactoryNative.newWrapper(JJ)V+0
j  org.jpype.JPypeContext.newWrapper(J)V+16
v  ~StubRoutines::call_stub

---------------  P R O C E S S  ---------------

Java Threads: ( => current thread )
  0x0000020d96dfe800 JavaThread "Python Reference Queue" daemon [_thread_blocked, id=20356, stack(0x0000001b11a20000,0x0000001b11c10000)]
  0x0000020d96a44800 JavaThread "Service Thread" daemon [_thread_blocked, id=53544, stack(0x0000001b11640000,0x0000001b11830000)]
  0x0000020d969b7000 JavaThread "C1 CompilerThread3" daemon [_thread_blocked, id=40180, stack(0x0000001b11450000,0x0000001b11640000)]
  0x0000020d969b4000 JavaThread "C2 CompilerThread2" daemon [_thread_blocked, id=36352, stack(0x0000001b11260000,0x0000001b11450000)]
  0x0000020d969b2000 JavaThread "C2 CompilerThread1" daemon [_thread_blocked, id=19568, stack(0x0000001b11070000,0x0000001b11260000)]
  0x0000020d969af000 JavaThread "C2 CompilerThread0" daemon [_thread_blocked, id=21320, stack(0x0000001b10e80000,0x0000001b11070000)]
  0x0000020d969ad000 JavaThread "Attach Listener" daemon [_thread_blocked, id=27328, stack(0x0000001b10c90000,0x0000001b10e80000)]
  0x0000020d9695b000 JavaThread "Signal Dispatcher" daemon [_thread_blocked, id=35228, stack(0x0000001b10aa0000,0x0000001b10c90000)]
  0x0000020d96940800 JavaThread "Finalizer" daemon [_thread_blocked, id=43780, stack(0x0000001b108b0000,0x0000001b10aa0000)]
  0x0000020d81989000 JavaThread "Reference Handler" daemon [_thread_blocked, id=29928, stack(0x0000001b106c0000,0x0000001b108b0000)]
=>0x0000020d81892800 JavaThread "main" [_thread_in_native, id=9548, stack(0x0000001b0e000000,0x0000001b0e1f0000)]

Other Threads:
  0x0000020d94c27000 VMThread [stack: 0x0000001b104d0000,0x0000001b106c0000] [id=57224]
  0x0000020d96a55000 WatcherThread [stack: 0x0000001b11830000,0x0000001b11a20000] [id=51960]

VM state:not at safepoint (normal execution)

VM Mutex/Monitor currently owned by a thread: None

Heap:
 PSYoungGen      total 284672K, used 5605K [0x00000000eab00000, 0x00000000fd600000, 0x0000000100000000)
  eden space 263168K, 2% used [0x00000000eab00000,0x00000000eb079458,0x00000000fac00000)
  from space 21504K, 0% used [0x00000000fac00000,0x00000000fac00000,0x00000000fc100000)
  to   space 21504K, 0% used [0x00000000fc100000,0x00000000fc100000,0x00000000fd600000)
 ParOldGen       total 349696K, used 72471K [0x00000000c0000000, 0x00000000d5580000, 0x00000000eab00000)
  object space 349696K, 20% used [0x00000000c0000000,0x00000000c46c5de8,0x00000000d5580000)
 Metaspace       used 13831K, capacity 14530K, committed 14848K, reserved 1062912K
  class space    used 2055K, capacity 2212K, committed 2304K, reserved 1048576K

Card table byte_map: [0x0000020d91cd0000,0x0000020d91ee0000] byte_map_base: 0x0000020d916d0000

Marking Bits: (ParMarkBitMap*) 0x0000000058d2be50
 Begin Bits: [0x0000020d92040000, 0x0000020d93040000)
 End Bits:   [0x0000020d93040000, 0x0000020d94040000)

Polling page: 0x0000020d81860000

CodeCache: size=245760Kb used=8325Kb max_used=8392Kb free=237434Kb
 bounds [0x0000020d82910000, 0x0000020d83150000, 0x0000020d91910000]
 total_blobs=2920 nmethods=2552 adapters=281
 compilation: enabled

Compilation events (10 events):
Event: 3.212 Thread 0x0000020d969b7000 2549       3       scala.collection.mutable.HashMap::index (6 bytes)
Event: 3.212 Thread 0x0000020d969b7000 nmethod 2549 0x0000020d830db090 code [0x0000020d830db200, 0x0000020d830db3f0]
Event: 3.212 Thread 0x0000020d969b7000 2550       3       scala.collection.mutable.HashTable::index$ (6 bytes)
Event: 3.212 Thread 0x0000020d969b7000 nmethod 2550 0x0000020d830da910 code [0x0000020d830daaa0, 0x0000020d830daee0]
Event: 3.212 Thread 0x0000020d969b7000 2551       3       scala.collection.mutable.HashTable::index (33 bytes)
Event: 3.212 Thread 0x0000020d969b7000 nmethod 2551 0x0000020d830e0650 code [0x0000020d830e07e0, 0x0000020d830e0be0]
Event: 3.212 Thread 0x0000020d969b7000 2552       1       scala.collection.mutable.HashMap::sizemap (5 bytes)
Event: 3.213 Thread 0x0000020d969b7000 nmethod 2552 0x0000020d830da650 code [0x0000020d830da7a0, 0x0000020d830da8b8]
Event: 3.213 Thread 0x0000020d969b7000 2553       1       scala.collection.mutable.DefaultEntry::next (5 bytes)
Event: 3.213 Thread 0x0000020d969b7000 nmethod 2553 0x0000020d830e0d10 code [0x0000020d830e0e60, 0x0000020d830e0f78]

GC Heap History (10 events):
Event: 2.903 GC heap before
{Heap before GC invocations=16 (full 7):
 PSYoungGen      total 153088K, used 131584K [0x00000000eab00000, 0x00000000f5580000, 0x0000000100000000)
  eden space 131584K, 100% used [0x00000000eab00000,0x00000000f2b80000,0x00000000f2b80000)
  from space 21504K, 0% used [0x00000000f4080000,0x00000000f4080000,0x00000000f5580000)
  to   space 21504K, 0% used [0x00000000f2b80000,0x00000000f2b80000,0x00000000f4080000)
 ParOldGen       total 349696K, used 58447K [0x00000000c0000000, 0x00000000d5580000, 0x00000000eab00000)
  object space 349696K, 16% used [0x00000000c0000000,0x00000000c3913da8,0x00000000d5580000)
 Metaspace       used 13313K, capacity 13966K, committed 14208K, reserved 1060864K
  class space    used 1998K, capacity 2152K, committed 2176K, reserved 1048576K
Event: 2.912 GC heap after
Heap after GC invocations=16 (full 7):
 PSYoungGen      total 153088K, used 15424K [0x00000000eab00000, 0x00000000fd600000, 0x0000000100000000)
  eden space 131584K, 0% used [0x00000000eab00000,0x00000000eab00000,0x00000000f2b80000)
  from space 21504K, 71% used [0x00000000f2b80000,0x00000000f3a90000,0x00000000f4080000)
  to   space 21504K, 0% used [0x00000000fc100000,0x00000000fc100000,0x00000000fd600000)
 ParOldGen       total 349696K, used 58447K [0x00000000c0000000, 0x00000000d5580000, 0x00000000eab00000)
  object space 349696K, 16% used [0x00000000c0000000,0x00000000c3913da8,0x00000000d5580000)
 Metaspace       used 13313K, capacity 13966K, committed 14208K, reserved 1060864K
  class space    used 1998K, capacity 2152K, committed 2176K, reserved 1048576K
}
Event: 3.019 GC heap before
{Heap before GC invocations=17 (full 7):
 PSYoungGen      total 153088K, used 62733K [0x00000000eab00000, 0x00000000fd600000, 0x0000000100000000)
  eden space 131584K, 35% used [0x00000000eab00000,0x00000000ed933538,0x00000000f2b80000)
  from space 21504K, 71% used [0x00000000f2b80000,0x00000000f3a90000,0x00000000f4080000)
  to   space 21504K, 0% used [0x00000000fc100000,0x00000000fc100000,0x00000000fd600000)
 ParOldGen       total 349696K, used 58447K [0x00000000c0000000, 0x00000000d5580000, 0x00000000eab00000)
  object space 349696K, 16% used [0x00000000c0000000,0x00000000c3913da8,0x00000000d5580000)
 Metaspace       used 13591K, capacity 14290K, committed 14592K, reserved 1060864K
  class space    used 2041K, capacity 2204K, committed 2304K, reserved 1048576K
Event: 3.028 GC heap after
Heap after GC invocations=17 (full 7):
 PSYoungGen      total 284672K, used 19522K [0x00000000eab00000, 0x00000000fd600000, 0x0000000100000000)
  eden space 263168K, 0% used [0x00000000eab00000,0x00000000eab00000,0x00000000fac00000)
  from space 21504K, 90% used [0x00000000fc100000,0x00000000fd410a18,0x00000000fd600000)
  to   space 21504K, 0% used [0x00000000fac00000,0x00000000fac00000,0x00000000fc100000)
 ParOldGen       total 349696K, used 58455K [0x00000000c0000000, 0x00000000d5580000, 0x00000000eab00000)
  object space 349696K, 16% used [0x00000000c0000000,0x00000000c3915da8,0x00000000d5580000)
 Metaspace       used 13591K, capacity 14290K, committed 14592K, reserved 1060864K
  class space    used 2041K, capacity 2204K, committed 2304K, reserved 1048576K
}
Event: 3.028 GC heap before
{Heap before GC invocations=18 (full 8):
 PSYoungGen      total 284672K, used 19522K [0x00000000eab00000, 0x00000000fd600000, 0x0000000100000000)
  eden space 263168K, 0% used [0x00000000eab00000,0x00000000eab00000,0x00000000fac00000)
  from space 21504K, 90% used [0x00000000fc100000,0x00000000fd410a18,0x00000000fd600000)
  to   space 21504K, 0% used [0x00000000fac00000,0x00000000fac00000,0x00000000fc100000)
 ParOldGen       total 349696K, used 58455K [0x00000000c0000000, 0x00000000d5580000, 0x00000000eab00000)
  object space 349696K, 16% used [0x00000000c0000000,0x00000000c3915da8,0x00000000d5580000)
 Metaspace       used 13591K, capacity 14290K, committed 14592K, reserved 1060864K
  class space    used 2041K, capacity 2204K, committed 2304K, reserved 1048576K
Event: 3.163 GC heap after
Heap after GC invocations=18 (full 8):
 PSYoungGen      total 284672K, used 0K [0x00000000eab00000, 0x00000000fd600000, 0x0000000100000000)
  eden space 263168K, 0% used [0x00000000eab00000,0x00000000eab00000,0x00000000fac00000)
  from space 21504K, 0% used [0x00000000fc100000,0x00000000fc100000,0x00000000fd600000)
  to   space 21504K, 0% used [0x00000000fac00000,0x00000000fac00000,0x00000000fc100000)
 ParOldGen       total 349696K, used 72425K [0x00000000c0000000, 0x00000000d5580000, 0x00000000eab00000)
  object space 349696K, 20% used [0x00000000c0000000,0x00000000c46ba788,0x00000000d5580000)
 Metaspace       used 13591K, capacity 14290K, committed 14592K, reserved 1060864K
  class space    used 2041K, capacity 2204K, committed 2304K, reserved 1048576K
}
Event: 3.264 GC heap before
{Heap before GC invocations=19 (full 8):
 PSYoungGen      total 284672K, used 7315K [0x00000000eab00000, 0x00000000fd600000, 0x0000000100000000)
  eden space 263168K, 2% used [0x00000000eab00000,0x00000000eb224f68,0x00000000fac00000)
  from space 21504K, 0% used [0x00000000fc100000,0x00000000fc100000,0x00000000fd600000)
  to   space 21504K, 0% used [0x00000000fac00000,0x00000000fac00000,0x00000000fc100000)
 ParOldGen       total 349696K, used 72425K [0x00000000c0000000, 0x00000000d5580000, 0x00000000eab00000)
  object space 349696K, 20% used [0x00000000c0000000,0x00000000c46ba788,0x00000000d5580000)
 Metaspace       used 13828K, capacity 14530K, committed 14848K, reserved 1062912K
  class space    used 2053K, capacity 2212K, committed 2304K, reserved 1048576K
Event: 3.265 GC heap after
Heap after GC invocations=19 (full 8):
 PSYoungGen      total 284672K, used 395K [0x00000000eab00000, 0x00000000fd600000, 0x0000000100000000)
  eden space 263168K, 0% used [0x00000000eab00000,0x00000000eab00000,0x00000000fac00000)
  from space 21504K, 1% used [0x00000000fac00000,0x00000000fac62cc0,0x00000000fc100000)
  to   space 21504K, 0% used [0x00000000fc100000,0x00000000fc100000,0x00000000fd600000)
 ParOldGen       total 349696K, used 72433K [0x00000000c0000000, 0x00000000d5580000, 0x00000000eab00000)
  object space 349696K, 20% used [0x00000000c0000000,0x00000000c46bc788,0x00000000d5580000)
 Metaspace       used 13828K, capacity 14530K, committed 14848K, reserved 1062912K
  class space    used 2053K, capacity 2212K, committed 2304K, reserved 1048576K
}
Event: 3.265 GC heap before
{Heap before GC invocations=20 (full 9):
 PSYoungGen      total 284672K, used 395K [0x00000000eab00000, 0x00000000fd600000, 0x0000000100000000)
  eden space 263168K, 0% used [0x00000000eab00000,0x00000000eab00000,0x00000000fac00000)
  from space 21504K, 1% used [0x00000000fac00000,0x00000000fac62cc0,0x00000000fc100000)
  to   space 21504K, 0% used [0x00000000fc100000,0x00000000fc100000,0x00000000fd600000)
 ParOldGen       total 349696K, used 72433K [0x00000000c0000000, 0x00000000d5580000, 0x00000000eab00000)
  object space 349696K, 20% used [0x00000000c0000000,0x00000000c46bc788,0x00000000d5580000)
 Metaspace       used 13828K, capacity 14530K, committed 14848K, reserved 1062912K
  class space    used 2053K, capacity 2212K, committed 2304K, reserved 1048576K
Event: 3.389 GC heap after
Heap after GC invocations=20 (full 9):
 PSYoungGen      total 284672K, used 0K [0x00000000eab00000, 0x00000000fd600000, 0x0000000100000000)
  eden space 263168K, 0% used [0x00000000eab00000,0x00000000eab00000,0x00000000fac00000)
  from space 21504K, 0% used [0x00000000fac00000,0x00000000fac00000,0x00000000fc100000)
  to   space 21504K, 0% used [0x00000000fc100000,0x00000000fc100000,0x00000000fd600000)
 ParOldGen       total 349696K, used 72471K [0x00000000c0000000, 0x00000000d5580000, 0x00000000eab00000)
  object space 349696K, 20% used [0x00000000c0000000,0x00000000c46c5de8,0x00000000d5580000)
 Metaspace       used 13828K, capacity 14530K, committed 14848K, reserved 1062912K
  class space    used 2053K, capacity 2212K, committed 2304K, reserved 1048576K
}

Deoptimization events (10 events):
Event: 2.958 Thread 0x0000020d81892800 Uncommon trap: reason=speculate_class_check action=maybe_recompile pc=0x0000020d82ea601c method=scala.collection.immutable.HashMap.contains(Ljava/lang/Object;)Z @ 8
Event: 2.958 Thread 0x0000020d81892800 Uncommon trap: reason=unstable_if action=reinterpret pc=0x0000020d82ea6084 method=scala.collection.immutable.HashMap$HashTrieMap.contains0(Ljava/lang/Object;II)Z @ 13
Event: 2.958 Thread 0x0000020d81892800 Uncommon trap: reason=unstable_if action=reinterpret pc=0x0000020d82e99a60 method=scala.collection.immutable.HashMap$HashTrieMap.contains0(Ljava/lang/Object;II)Z @ 13
Event: 2.959 Thread 0x0000020d81892800 Uncommon trap: reason=bimorphic action=maybe_recompile pc=0x0000020d82ef4304 method=scala.collection.IterableLike.foreach(Lscala/Function1;)V @ 1
Event: 2.960 Thread 0x0000020d81892800 Uncommon trap: reason=unstable_if action=reinterpret pc=0x0000020d83022b80 method=scala.collection.immutable.Set$Set3.contains(Ljava/lang/Object;)Z @ 8
Event: 3.168 Thread 0x0000020d81892800 Uncommon trap: reason=unstable_if action=reinterpret pc=0x0000020d8306b4a8 method=scala.collection.immutable.Set$Set4.contains(Ljava/lang/Object;)Z @ 30
Event: 3.176 Thread 0x0000020d81892800 Uncommon trap: reason=class_check action=maybe_recompile pc=0x0000020d82ee6fe8 method=scala.collection.TraversableLike.builder$1(Lscala/collection/generic/CanBuildFrom;)Lscala/collection/mutable/Builder; @ 7
Event: 3.178 Thread 0x0000020d81892800 Uncommon trap: reason=class_check action=maybe_recompile pc=0x0000020d82ee6fe8 method=scala.collection.TraversableLike.builder$1(Lscala/collection/generic/CanBuildFrom;)Lscala/collection/mutable/Builder; @ 7
Event: 3.178 Thread 0x0000020d81892800 Uncommon trap: reason=class_check action=maybe_recompile pc=0x0000020d82ee6fe8 method=scala.collection.TraversableLike.builder$1(Lscala/collection/generic/CanBuildFrom;)Lscala/collection/mutable/Builder; @ 7
Event: 3.178 Thread 0x0000020d81892800 Uncommon trap: reason=class_check action=maybe_recompile pc=0x0000020d82ee6fe8 method=scala.collection.TraversableLike.builder$1(Lscala/collection/generic/CanBuildFrom;)Lscala/collection/mutable/Builder; @ 7

Classes redefined (0 events):
No events

Internal exceptions (10 events):
Event: 2.944 Thread 0x0000020d81892800 Exception <a 'java/lang/NoSuchMethodError': java.lang.Object.$anonfun$groupBy$2(Lscala/collection/TraversableLike;)Lscala/collection/mutable/Builder;> (0x00000000ed67dfb0) thrown at [C:\Users\jenkins\workspace\openjdk8_build_x86-64_windows\openjdk\hotspot
Event: 2.946 Thread 0x0000020d81892800 Exception <a 'java/lang/NoSuchMethodError': java.lang.Object.$anonfun$groupBy$3$adapted(Lscala/Tuple2;)Ljava/lang/Object;> (0x00000000ed690638) thrown at [C:\Users\jenkins\workspace\openjdk8_build_x86-64_windows\openjdk\hotspot\src\share\vm\interpreter\li
Event: 2.947 Thread 0x0000020d81892800 Exception <a 'java/lang/NoSuchMethodError': java.lang.Object.$anonfun$groupBy$4(Lscala/collection/mutable/Builder;Lscala/Tuple2;)Lscala/collection/mutable/Builder;> (0x00000000ed69c040) thrown at [C:\Users\jenkins\workspace\openjdk8_build_x86-64_windows\o
Event: 2.955 Thread 0x0000020d81892800 Exception <a 'java/lang/NoSuchMethodError': java.lang.Object.$anonfun$releaseVersion$1$adapted(Ljava/lang/String;)Ljava/lang/Object;> (0x00000000ed713770) thrown at [C:\Users\jenkins\workspace\openjdk8_build_x86-64_windows\openjdk\hotspot\src\share\vm\int
Event: 2.956 Thread 0x0000020d81892800 Exception <a 'java/lang/NoSuchMethodError': java.lang.Object.$anonfun$releaseVersion$2(Ljava/lang/String;)Ljava/lang/String;> (0x00000000ed71e148) thrown at [C:\Users\jenkins\workspace\openjdk8_build_x86-64_windows\openjdk\hotspot\src\share\vm\interpreter
Event: 2.957 Thread 0x0000020d81892800 Exception <a 'java/lang/NoSuchMethodError': java.lang.Object.$anonfun$developmentVersion$1$adapted(Ljava/lang/String;)Ljava/lang/Object;> (0x00000000ed7222e0) thrown at [C:\Users\jenkins\workspace\openjdk8_build_x86-64_windows\openjdk\hotspot\src\share\vm
Event: 2.957 Thread 0x0000020d81892800 Exception <a 'java/lang/NoSuchMethodError': java.lang.Object.$anonfun$developmentVersion$2(Lscala/util/PropertiesTrait;Ljava/lang/String;)Lscala/Option;> (0x00000000ed7260a8) thrown at [C:\Users\jenkins\workspace\openjdk8_build_x86-64_windows\openjdk\hots
Event: 3.177 Thread 0x0000020d81892800 Exception <a 'java/lang/NoSuchMethodError': java.lang.Object.$anonfun$addString$1(Lscala/collection/mutable/StringBuilder;Ljava/lang/String;Lscala/runtime/BooleanRef;Ljava/lang/Object;)Ljava/lang/Object;> (0x00000000eab49428) thrown at [C:\Users\jenkins\w
Event: 3.210 Thread 0x0000020d81892800 Exception <a 'java/lang/NoSuchMethodError': java.lang.Object.$anonfun$filterImpl$1(Lscala/Function1;ZLscala/collection/mutable/Builder;Ljava/lang/Object;)Ljava/lang/Object;> (0x00000000eac33cd0) thrown at [C:\Users\jenkins\workspace\openjdk8_build_x86-64_
Event: 3.390 Thread 0x0000020d81892800 Exception <a 'java/lang/InterruptedException': sleep interrupted> (0x00000000eab757b0) thrown at [C:\Users\jenkins\workspace\openjdk8_build_x86-64_windows\openjdk\hotspot\src\share\vm\prims\jvm.cpp, line 3225]

Events (10 events):
Event: 3.210 loading class scala/reflect/ClassTag$GenericClassTag
Event: 3.210 loading class scala/reflect/ClassTag$GenericClassTag done
Event: 3.210 loading class scala/Function1
Event: 3.210 loading class scala/Function1 done
Event: 3.210 loading class scala/Function1
Event: 3.210 loading class scala/Function1 done
Event: 3.264 Executing VM operation: ParallelGCSystemGC
Event: 3.389 Executing VM operation: ParallelGCSystemGC done
Event: 3.495 loading class org/jpype/ref/JPypeReferenceSet$Pool
Event: 3.495 loading class org/jpype/ref/JPypeReferenceSet$Pool done


Dynamic libraries:
0x00007ff7e5050000 - 0x00007ff7e506c000 	C:\Users\ADMIN\anaconda3\envs\tensorflow\python.exe
0x00007fffabdb0000 - 0x00007fffabfa5000 	C:\WINDOWS\SYSTEM32\ntdll.dll
0x00007fffaa0f0000 - 0x00007fffaa1ae000 	C:\WINDOWS\System32\KERNEL32.DLL
0x00007fffa99f0000 - 0x00007fffa9cb9000 	C:\WINDOWS\System32\KERNELBASE.dll
0x00007fffa9810000 - 0x00007fffa9910000 	C:\WINDOWS\System32\ucrtbase.dll
0x00007fffa27c0000 - 0x00007fffa27d9000 	C:\Users\ADMIN\anaconda3\envs\tensorflow\VCRUNTIME140.dll
0x00007fff550d0000 - 0x00007fff55503000 	C:\Users\ADMIN\anaconda3\envs\tensorflow\python38.dll
0x00007fffaad00000 - 0x00007fffaad55000 	C:\WINDOWS\System32\SHLWAPI.dll
0x00007fffab5a0000 - 0x00007fffab63e000 	C:\WINDOWS\System32\msvcrt.dll
0x00007fffabd00000 - 0x00007fffabd6b000 	C:\WINDOWS\System32\WS2_32.dll
0x00007fffaa2c0000 - 0x00007fffaa3ea000 	C:\WINDOWS\System32\RPCRT4.dll
0x00007fffa3ce0000 - 0x00007fffa3cea000 	C:\WINDOWS\SYSTEM32\VERSION.dll
0x00007fffaa1b0000 - 0x00007fffaa25c000 	C:\WINDOWS\System32\ADVAPI32.dll
0x00007fffab7a0000 - 0x00007fffab83b000 	C:\WINDOWS\System32\sechost.dll
0x00007fffa8e70000 - 0x00007fffa8e88000 	C:\WINDOWS\SYSTEM32\CRYPTSP.dll
0x00007fffa8590000 - 0x00007fffa85c4000 	C:\WINDOWS\system32\rsaenh.dll
0x00007fffa97e0000 - 0x00007fffa9807000 	C:\WINDOWS\System32\bcrypt.dll
0x00007fffa8e90000 - 0x00007fffa8e9c000 	C:\WINDOWS\SYSTEM32\CRYPTBASE.dll
0x00007fffa9d70000 - 0x00007fffa9df3000 	C:\WINDOWS\System32\bcryptPrimitives.dll
0x00007fffa27b0000 - 0x00007fffa27bf000 	C:\Users\ADMIN\anaconda3\envs\tensorflow\python3.DLL
0x00007fffa1ad0000 - 0x00007fffa1add000 	C:\Users\ADMIN\anaconda3\envs\tensorflow\DLLs\_hashlib.pyd
0x00007fff56cd0000 - 0x00007fff57019000 	C:\WINDOWS\SYSTEM32\libcrypto-1_1-x64.dll
0x00007fffaa5a0000 - 0x00007fffaa741000 	C:\WINDOWS\System32\USER32.dll
0x00007fffa99c0000 - 0x00007fffa99e2000 	C:\WINDOWS\System32\win32u.dll
0x00007fffab6b0000 - 0x00007fffab6db000 	C:\WINDOWS\System32\GDI32.dll
0x00007fffa96d0000 - 0x00007fffa97db000 	C:\WINDOWS\System32\gdi32full.dll
0x00007fffa9630000 - 0x00007fffa96cd000 	C:\WINDOWS\System32\msvcp_win.dll
0x00007fffaa3f0000 - 0x00007fffaa420000 	C:\WINDOWS\System32\IMM32.DLL
0x00007fff954c0000 - 0x00007fff954d7000 	C:\Users\ADMIN\anaconda3\envs\tensorflow\DLLs\_bz2.pyd
0x00007fff87a70000 - 0x00007fff87a9a000 	C:\Users\ADMIN\anaconda3\envs\tensorflow\DLLs\_lzma.pyd
0x00007fff94020000 - 0x00007fff94036000 	C:\Users\ADMIN\anaconda3\envs\tensorflow\DLLs\_socket.pyd
0x00007fffa8920000 - 0x00007fffa895b000 	C:\WINDOWS\SYSTEM32\IPHLPAPI.DLL
0x00007fffa0ef0000 - 0x00007fffa0ef9000 	C:\Users\ADMIN\anaconda3\envs\tensorflow\DLLs\select.pyd
0x00007fff85910000 - 0x00007fff85937000 	C:\Users\ADMIN\anaconda3\envs\tensorflow\DLLs\_ssl.pyd
0x00007fffa94d0000 - 0x00007fffa9626000 	C:\WINDOWS\System32\CRYPT32.dll
0x00007fff73bf0000 - 0x00007fff73c9c000 	C:\WINDOWS\SYSTEM32\libssl-1_1-x64.dll
0x00007fff6e130000 - 0x00007fff6e1ed000 	C:\Users\ADMIN\anaconda3\envs\tensorflow\lib\site-packages\_jpype.cp38-win_amd64.pyd
0x00007fff92c50000 - 0x00007fff92cdd000 	C:\WINDOWS\SYSTEM32\MSVCP140.dll
0x00007fff951b0000 - 0x00007fff951bc000 	C:\WINDOWS\SYSTEM32\VCRUNTIME140_1.dll
0x00007fff94ea0000 - 0x00007fff94ea9000 	C:\Users\ADMIN\anaconda3\envs\tensorflow\DLLs\_queue.pyd
0x00007fffa8c80000 - 0x00007fffa8cea000 	C:\WINDOWS\system32\mswsock.dll
0x00007fff6b910000 - 0x00007fff6b9c5000 	C:\Users\ADMIN\anaconda3\envs\tensorflow\lib\site-packages\cryptography\hazmat\bindings\_openssl.pyd
0x00007fff7f070000 - 0x00007fff7f0a4000 	C:\Users\ADMIN\anaconda3\envs\tensorflow\lib\site-packages\_cffi_backend.cp38-win_amd64.pyd
0x00007fff6b800000 - 0x00007fff6b90e000 	C:\Users\ADMIN\anaconda3\envs\tensorflow\DLLs\unicodedata.pyd
0x00007fff8f990000 - 0x00007fff8f9b0000 	C:\Users\ADMIN\anaconda3\envs\tensorflow\DLLs\_ctypes.pyd
0x00007fffaabd0000 - 0x00007fffaacfa000 	C:\WINDOWS\System32\ole32.dll
0x00007fffab840000 - 0x00007fffabb95000 	C:\WINDOWS\System32\combase.dll
0x00007fffabba0000 - 0x00007fffabc6d000 	C:\WINDOWS\System32\OLEAUT32.dll
0x00007fff932b0000 - 0x00007fff932bb000 	C:\Users\ADMIN\anaconda3\envs\tensorflow\DLLs\libffi-7.dll
0x00007fff53a90000 - 0x00007fff53e6c000 	C:\Users\ADMIN\anaconda3\envs\tensorflow\lib\site-packages\lxml\etree.cp38-win_amd64.pyd
0x00007fff83690000 - 0x00007fff836bc000 	C:\Users\ADMIN\anaconda3\envs\tensorflow\lib\site-packages\lxml\_elementpath.cp38-win_amd64.pyd
0x00007fff7f040000 - 0x00007fff7f06d000 	C:\Users\ADMIN\anaconda3\envs\tensorflow\DLLs\_elementtree.pyd
0x00007fff75f90000 - 0x00007fff75fc1000 	C:\Users\ADMIN\anaconda3\envs\tensorflow\DLLs\pyexpat.pyd
0x00007fff53800000 - 0x00007fff53a81000 	C:\Users\ADMIN\anaconda3\envs\tensorflow\lib\site-packages\numpy\core\_multiarray_umath.cp38-win_amd64.pyd
0x00007fff88610000 - 0x00007fff8862d000 	C:\Users\ADMIN\anaconda3\envs\tensorflow\lib\site-packages\numpy\core\_multiarray_tests.cp38-win_amd64.pyd
0x00007fff65820000 - 0x00007fff658a6000 	C:\Users\ADMIN\anaconda3\envs\tensorflow\lib\site-packages\numpy\linalg\lapack_lite.cp38-win_amd64.pyd
0x00007fff62860000 - 0x00007fff62a7e000 	C:\Users\ADMIN\anaconda3\envs\tensorflow\lib\site-packages\numpy\linalg\_umath_linalg.cp38-win_amd64.pyd
0x00007fff75e20000 - 0x00007fff75e63000 	C:\Users\ADMIN\anaconda3\envs\tensorflow\DLLs\_decimal.pyd
0x00007fff87b10000 - 0x00007fff87b26000 	C:\Users\ADMIN\anaconda3\envs\tensorflow\lib\site-packages\numpy\fft\fftpack_lite.cp38-win_amd64.pyd
0x00007fff62540000 - 0x00007fff625f4000 	C:\Users\ADMIN\anaconda3\envs\tensorflow\lib\site-packages\numpy\random\mtrand.cp38-win_amd64.pyd
0x00007fff87a10000 - 0x00007fff87a22000 	C:\Users\ADMIN\anaconda3\envs\tensorflow\DLLs\_asyncio.pyd
0x00007fff93040000 - 0x00007fff9304d000 	C:\Users\ADMIN\anaconda3\envs\tensorflow\DLLs\_overlapped.pyd
0x0000000070bc0000 - 0x0000000070be8000 	C:\Users\ADMIN\anaconda3\envs\tensorflow\lib\site-packages\scipy\.libs\libansari.R6EA3HQP5KZ6TAXU4Y4ZVTRPT7UVA53Z.gfortran-win_amd64.dll
0x000000006af00000 - 0x000000006afa6000 	C:\Users\ADMIN\anaconda3\envs\tensorflow\lib\site-packages\scipy\.libs\libbanded5x.ZCD4YVWE76FRGRP64SGAP7BX4MU5BEFM.gfortran-win_amd64.dll
0x0000000000990000 - 0x0000000002618000 	C:\Users\ADMIN\anaconda3\envs\tensorflow\lib\site-packages\scipy\.libs\libopenblas.PYQHXLVVQ7VESDPUVUADXEVJOBGHJPAY.gfortran-win_amd64.dll
0x0000000071200000 - 0x00000000713bf000 	C:\Users\ADMIN\anaconda3\envs\tensorflow\lib\site-packages\scipy\.libs\libbispeu.7AH3PCQ2E2NGLC3AQD7FFAH73KGJTZCJ.gfortran-win_amd64.dll
0x0000000064840000 - 0x00000000648e3000 	C:\Users\ADMIN\anaconda3\envs\tensorflow\lib\site-packages\scipy\.libs\libblkdta00.5USURWRMG6FPFEKUZDHXY7U7LNUM2WK6.gfortran-win_amd64.dll
0x000000006dc40000 - 0x000000006dc8a000 	C:\Users\ADMIN\anaconda3\envs\tensorflow\lib\site-packages\scipy\.libs\libchkder.G7WSOGIYYQO3UWFVEZ3PPXCXR53ADVPA.gfortran-win_amd64.dll
0x0000000066f80000 - 0x0000000067021000 	C:\Users\ADMIN\anaconda3\envs\tensorflow\lib\site-packages\scipy\.libs\libcobyla2.25EVUSEBAW7VKISARB7LO3UGZPN2HXE3.gfortran-win_amd64.dll
0x0000000063400000 - 0x0000000063418000 	C:\Users\ADMIN\anaconda3\envs\tensorflow\lib\site-packages\scipy\.libs\libdcsrch.I2AOPDCXAPDRFNPWY55H5UE7XZSU5CVN.gfortran-win_amd64.dll
0x0000000062880000 - 0x000000006289e000 	C:\Users\ADMIN\anaconda3\envs\tensorflow\lib\site-packages\scipy\.libs\libdet.F6RQ4OV2DGIJ2MARDTCBP35QSS4MLVQE.gfortran-win_amd64.dll
0x0000000070980000 - 0x0000000070adf000 	C:\Users\ADMIN\anaconda3\envs\tensorflow\lib\site-packages\scipy\.libs\libdfft_sub.U5C2BGSVP4A24TBEJAO6QCQJ2B6LPVGU.gfortran-win_amd64.dll
0x0000000066340000 - 0x00000000664ff000 	C:\Users\ADMIN\anaconda3\envs\tensorflow\lib\site-packages\scipy\.libs\libdfitpack.F5IA373IXQXRMNVIGRAXL6SPJ4PKDPUB.gfortran-win_amd64.dll
0x0000000068480000 - 0x00000000686ea000 	C:\Users\ADMIN\anaconda3\envs\tensorflow\lib\site-packages\scipy\.libs\libdgamln.UIFGIOJQL54NTBYWYZ56OJCM4CZSNWEI.gfortran-win_amd64.dll
0x0000000066600000 - 0x0000000066699000 	C:\Users\ADMIN\anaconda3\envs\tensorflow\lib\site-packages\scipy\.libs\libdop853.6TJTQZW3I3Q3QIDQHEOBEZKJ3NYRXI4B.gfortran-win_amd64.dll
0x000000006f5c0000 - 0x000000006f683000 	C:\Users\ADMIN\anaconda3\envs\tensorflow\lib\site-packages\scipy\.libs\libdqag.DX5EAYYNPFO66EWHYQS3FJBH7SZRQOKL.gfortran-win_amd64.dll
0x0000000070340000 - 0x000000007045e000 	C:\Users\ADMIN\anaconda3\envs\tensorflow\lib\site-packages\scipy\.libs\libd_odr.HY35LCTJLWN56VS6T57IRQDDWOT6C433.gfortran-win_amd64.dll
0x000000006b300000 - 0x000000006b35b000 	C:\Users\ADMIN\anaconda3\envs\tensorflow\lib\site-packages\scipy\.libs\libgetbreak.A43LEPYTRXGJCAFEE2XXOUDQX2I7BT74.gfortran-win_amd64.dll
0x0000000064100000 - 0x00000000641ac000 	C:\Users\ADMIN\anaconda3\envs\tensorflow\lib\site-packages\scipy\.libs\liblbfgsb.754DFFB6OF2BEPR5ANJHBKOOGAKJT2PV.gfortran-win_amd64.dll
0x000000006c040000 - 0x000000006c167000 	C:\Users\ADMIN\anaconda3\envs\tensorflow\lib\site-packages\scipy\.libs\libmvndst.IUWFZM2WSUQ3UTGQHFQ26ATH2A2TIUVI.gfortran-win_amd64.dll
0x000000006a440000 - 0x000000006a4c2000 	C:\Users\ADMIN\anaconda3\envs\tensorflow\lib\site-packages\scipy\.libs\libnnls.IXEEHJUCGHJL42YZEM6UIEMROJWXHMLJ.gfortran-win_amd64.dll
0x0000000066940000 - 0x0000000066987000 	C:\Users\ADMIN\anaconda3\envs\tensorflow\lib\site-packages\scipy\.libs\libslsqp_op.RGGN6ZOFD2K47X7YRNDYCM7JFP4AGLER.gfortran-win_amd64.dll
0x000000006e180000 - 0x000000006e2db000 	C:\Users\ADMIN\anaconda3\envs\tensorflow\lib\site-packages\scipy\.libs\libspecfun.LQCTHMCYNULEOOGKIO6AGREE6D6V37RU.gfortran-win_amd64.dll
0x000000006ef80000 - 0x000000006f05d000 	C:\Users\ADMIN\anaconda3\envs\tensorflow\lib\site-packages\scipy\.libs\libvode.TMOGMIXIKX7YLTXJI43IOWHRMYZCTVDN.gfortran-win_amd64.dll
0x000000006be40000 - 0x000000006be71000 	C:\Users\ADMIN\anaconda3\envs\tensorflow\lib\site-packages\scipy\.libs\libwrap_dum.QAUP4P2DZOSWPFFZN3N7HGCAHIIVM5RR.gfortran-win_amd64.dll
0x0000000062780000 - 0x0000000062798000 	C:\Users\ADMIN\anaconda3\envs\tensorflow\lib\site-packages\scipy\.libs\libwrap_dum.ZZFUANNAKWX2VGCCOYETI2VGX7DL2CNF.gfortran-win_amd64.dll
0x0000000002620000 - 0x00000000027b0000 	C:\Users\ADMIN\anaconda3\envs\tensorflow\lib\site-packages\scipy\.libs\lib_arpack-.T7ZRCHVXFRZEKPFTM2JZLG2DKNFFUGTR.gfortran-win_amd64.dll
0x0000000067d80000 - 0x0000000067da8000 	C:\Users\ADMIN\anaconda3\envs\tensorflow\lib\site-packages\scipy\.libs\lib_blas_su.GAYDLNX3DXOOMCP6K7LPRBY2LER4RT2X.gfortran-win_amd64.dll
0x000000006a380000 - 0x000000006a3fc000 	C:\Users\ADMIN\anaconda3\envs\tensorflow\lib\site-packages\scipy\.libs\lib_test_fo.JF5HTWMUPBXWGAYEBVEJU3OZAHTSVKCT.gfortran-win_amd64.dll
0x00007fff624a0000 - 0x00007fff6253d000 	C:\Users\ADMIN\anaconda3\envs\tensorflow\lib\site-packages\scipy\.libs\msvcp140.dll
0x00007fff86b70000 - 0x00007fff86b88000 	C:\Users\ADMIN\anaconda3\envs\tensorflow\lib\site-packages\scipy\_lib\_ccallback_c.cp38-win_amd64.pyd
0x00007fff7e350000 - 0x00007fff7e362000 	C:\Users\ADMIN\anaconda3\envs\tensorflow\lib\site-packages\scipy\_lib\_uarray\_uarray.cp38-win_amd64.pyd
0x00007fff62410000 - 0x00007fff6249f000 	C:\Users\ADMIN\anaconda3\envs\tensorflow\lib\site-packages\scipy\fft\_pocketfft\pypocketfft.cp38-win_amd64.pyd
0x00007fff54e70000 - 0x00007fff550ce000 	C:\Users\ADMIN\anaconda3\envs\tensorflow\lib\site-packages\scipy\sparse\_sparsetools.cp38-win_amd64.pyd
0x00007fff6e0b0000 - 0x00007fff6e121000 	C:\Users\ADMIN\anaconda3\envs\tensorflow\lib\site-packages\scipy\sparse\_csparsetools.cp38-win_amd64.pyd
0x00007fff75c30000 - 0x00007fff75c90000 	C:\Users\ADMIN\anaconda3\envs\tensorflow\lib\site-packages\scipy\sparse\csgraph\_shortest_path.cp38-win_amd64.pyd
0x00007fff7d670000 - 0x00007fff7d698000 	C:\Users\ADMIN\anaconda3\envs\tensorflow\lib\site-packages\scipy\sparse\csgraph\_tools.cp38-win_amd64.pyd
0x00007fff7a380000 - 0x00007fff7a3a7000 	C:\Users\ADMIN\anaconda3\envs\tensorflow\lib\site-packages\scipy\sparse\csgraph\_traversal.cp38-win_amd64.pyd
0x00007fff75d50000 - 0x00007fff75d80000 	C:\Users\ADMIN\anaconda3\envs\tensorflow\lib\site-packages\scipy\sparse\csgraph\_min_spanning_tree.cp38-win_amd64.pyd
0x00007fff75420000 - 0x00007fff7545a000 	C:\Users\ADMIN\anaconda3\envs\tensorflow\lib\site-packages\scipy\sparse\csgraph\_flow.cp38-win_amd64.pyd
0x00007fff74d20000 - 0x00007fff74d52000 	C:\Users\ADMIN\anaconda3\envs\tensorflow\lib\site-packages\scipy\sparse\csgraph\_matching.cp38-win_amd64.pyd
0x00007fff73bb0000 - 0x00007fff73bee000 	C:\Users\ADMIN\anaconda3\envs\tensorflow\lib\site-packages\scipy\sparse\csgraph\_reordering.cp38-win_amd64.pyd
0x00007fff60f60000 - 0x00007fff60feb000 	C:\Users\ADMIN\anaconda3\envs\tensorflow\lib\site-packages\scipy\spatial\ckdtree.cp38-win_amd64.pyd
0x00007fff60ac0000 - 0x00007fff60b9e000 	C:\Users\ADMIN\anaconda3\envs\tensorflow\lib\site-packages\scipy\spatial\qhull.cp38-win_amd64.pyd
0x00007fff90620000 - 0x00007fff90630000 	C:\Users\ADMIN\anaconda3\envs\tensorflow\lib\site-packages\scipy\_lib\messagestream.cp38-win_amd64.pyd
0x00007fff75b30000 - 0x00007fff75b5c000 	C:\Users\ADMIN\anaconda3\envs\tensorflow\lib\site-packages\scipy\spatial\_voronoi.cp38-win_amd64.pyd
0x00007fff60ec0000 - 0x00007fff60f53000 	C:\Users\ADMIN\anaconda3\envs\tensorflow\lib\site-packages\scipy\linalg\_fblas.cp38-win_amd64.pyd
0x00007fff58670000 - 0x00007fff587dd000 	C:\Users\ADMIN\anaconda3\envs\tensorflow\lib\site-packages\scipy\linalg\_flapack.cp38-win_amd64.pyd
0x00007fff76340000 - 0x00007fff76352000 	C:\Users\ADMIN\anaconda3\envs\tensorflow\lib\site-packages\scipy\linalg\_flinalg.cp38-win_amd64.pyd
0x00007fff739b0000 - 0x00007fff739e8000 	C:\Users\ADMIN\anaconda3\envs\tensorflow\lib\site-packages\scipy\linalg\_solve_toeplitz.cp38-win_amd64.pyd
0x00007fff72d00000 - 0x00007fff72d47000 	C:\Users\ADMIN\anaconda3\envs\tensorflow\lib\site-packages\scipy\linalg\_decomp_update.cp38-win_amd64.pyd
0x00007fff728a0000 - 0x00007fff728dc000 	C:\Users\ADMIN\anaconda3\envs\tensorflow\lib\site-packages\scipy\linalg\cython_blas.cp38-win_amd64.pyd
0x00007fff60a10000 - 0x00007fff60ab5000 	C:\Users\ADMIN\anaconda3\envs\tensorflow\lib\site-packages\scipy\linalg\cython_lapack.cp38-win_amd64.pyd
0x00007fff75e00000 - 0x00007fff75e16000 	C:\Users\ADMIN\anaconda3\envs\tensorflow\lib\site-packages\scipy\spatial\_distance_wrap.cp38-win_amd64.pyd
0x00007fff757c0000 - 0x00007fff757ed000 	C:\Users\ADMIN\anaconda3\envs\tensorflow\lib\site-packages\scipy\spatial\_hausdorff.cp38-win_amd64.pyd
0x00007fff53730000 - 0x00007fff537f7000 	C:\Users\ADMIN\anaconda3\envs\tensorflow\lib\site-packages\scipy\special\_ufuncs.cp38-win_amd64.pyd
0x00007fff753f0000 - 0x00007fff75411000 	C:\Users\ADMIN\anaconda3\envs\tensorflow\lib\site-packages\scipy\special\_ufuncs_cxx.cp38-win_amd64.pyd
0x00007fff75ce0000 - 0x00007fff75cff000 	C:\Users\ADMIN\anaconda3\envs\tensorflow\lib\site-packages\scipy\special\specfun.cp38-win_amd64.pyd
0x00007fff900a0000 - 0x00007fff900ae000 	C:\Users\ADMIN\anaconda3\envs\tensorflow\lib\site-packages\scipy\special\_comb.cp38-win_amd64.pyd
0x00007fff75350000 - 0x00007fff75368000 	C:\Users\ADMIN\anaconda3\envs\tensorflow\lib\site-packages\scipy\special\_ellip_harm_2.cp38-win_amd64.pyd
0x00007fff74f70000 - 0x00007fff74f99000 	C:\Users\ADMIN\anaconda3\envs\tensorflow\lib\site-packages\scipy\ndimage\_nd_image.cp38-win_amd64.pyd
0x00007fff721b0000 - 0x00007fff721f9000 	C:\Users\ADMIN\anaconda3\envs\tensorflow\lib\site-packages\scipy\ndimage\_ni_label.cp38-win_amd64.pyd
0x00007fff90010000 - 0x00007fff9001f000 	C:\Users\ADMIN\anaconda3\envs\tensorflow\lib\site-packages\scipy\optimize\minpack2.cp38-win_amd64.pyd
0x00007fff71f90000 - 0x00007fff71fd8000 	C:\Users\ADMIN\anaconda3\envs\tensorflow\lib\site-packages\scipy\optimize\_trlib\_trlib.cp38-win_amd64.pyd
0x00007fff73b80000 - 0x00007fff73ba1000 	C:\Users\ADMIN\anaconda3\envs\tensorflow\lib\site-packages\scipy\sparse\linalg\isolve\_iterative.cp38-win_amd64.pyd
0x00007fff70330000 - 0x00007fff7037f000 	C:\Users\ADMIN\anaconda3\envs\tensorflow\lib\site-packages\scipy\sparse\linalg\dsolve\_superlu.cp38-win_amd64.pyd
0x00007fff72cb0000 - 0x00007fff72cd8000 	C:\Users\ADMIN\anaconda3\envs\tensorflow\lib\site-packages\scipy\sparse\linalg\eigen\arpack\_arpack.cp38-win_amd64.pyd
0x00007fff6f360000 - 0x00007fff6f38d000 	C:\Users\ADMIN\anaconda3\envs\tensorflow\lib\site-packages\scipy\optimize\_group_columns.cp38-win_amd64.pyd

VM Arguments:
jvm_args: -Dfile.encoding=UTF8 -ea -Xmx1024m 
java_command: <unknown>
java_class_path (initial): C:\Users\ADMIN\anaconda3\envs\tensorflow\Lib\site-packages\konlpy\java;C:\Users\ADMIN\anaconda3\envs\tensorflow\Lib\site-packages\konlpy\java\bin;C:\Users\ADMIN\anaconda3\envs\tensorflow\Lib\site-packages\konlpy\java\*;C:\Users\ADMIN\anaconda3\envs\tensorflow\Lib\site-packages\konlpy\java\jhannanum-0.8.4.jar;C:\Users\ADMIN\anaconda3\envs\tensorflow\Lib\site-packages\konlpy\java\kkma-2.0.jar;C:\Users\ADMIN\anaconda3\envs\tensorflow\Lib\site-packages\konlpy\java\aho-corasick.jar;C:\Users\ADMIN\anaconda3\envs\tensorflow\Lib\site-packages\konlpy\java\shineware-common-1.0.jar;C:\Users\ADMIN\anaconda3\envs\tensorflow\Lib\site-packages\konlpy\java\shineware-ds-1.0.jar;C:\Users\ADMIN\anaconda3\envs\tensorflow\Lib\site-packages\konlpy\java\komoran-3.0.jar;C:\Users\ADMIN\anaconda3\envs\tensorflow\Lib\site-packages\konlpy\java\snakeyaml-1.12.jar;C:\Users\ADMIN\anaconda3\envs\tensorflow\Lib\site-packages\konlpy\java\scala-library-2.12.3.jar;C:\Users\ADMIN\anaconda3\envs\tensorflow\Lib\site-packages\konlpy\java\open-korean-text-2.1.0.jar;C:\Users\ADMIN\anaconda3\envs\tensorflow\Lib\site-packages\konlpy\java\twitter-text-1.14.7.jar;C:\Users\ADMIN\anaconda3\envs\tensorflow\Lib\site-packages\konlpy\java\*
Launcher Type: generic

Environment Variables:
JAVA_HOME=D:/2019.4.13f1/Editor/Data/PlaybackEngines/AndroidPlayer\OpenJDK
CLASSPATH=.;
USERNAME=ADMIN
OS=Windows_NT
PROCESSOR_IDENTIFIER=Intel64 Family 6 Model 158 Stepping 12, GenuineIntel



---------------  S Y S T E M  ---------------

OS: Windows 10.0 , 64 bit Build 19041 (10.0.19041.1202)

CPU:total 8 (initial active 8) (8 cores per cpu, 1 threads per core) family 6 model 158 stepping 12, cmov, cx8, fxsr, mmx, sse, sse2, sse3, ssse3, sse4.1, sse4.2, popcnt, avx, avx2, aes, clmul, erms, rtm, 3dnowpref, lzcnt, tsc, tscinvbit, bmi1, bmi2, adx

Memory: 4k page, physical 33474668k(22334456k free), swap 38455404k(23684600k free)

vm_info: OpenJDK 64-Bit Server VM (25.71-b00) for windows-amd64 JRE (1.8.0-adoptopenjdk-_2018_05_19_00_59-b00), built on May 19 2018 01:02:12 by "jenkins" with MS VC++ 10.0 (VS2010)

time: Fri Oct 29 18:16:45 2021
elapsed time: 3 seconds (0d 0h 0m 3s)

